
1. [2017-07-18 15:55:41 UTC]: 
----------------------------------------------------------------------------------------------------
SELECT SQL_CALC_FOUND_ROWS * FROM `wp_users` 
		        WHERE ID NOT IN (1)   ORDER BY ID desc  LIMIT 0, 100

2. [2017-07-18 15:55:41 UTC]: 
----------------------------------------------------------------------------------------------------
Array
(
    [0] => stdClass Object
        (
            [ID] => 16
            [user_login] => Juliana
            [user_pass] => $P$Bkh2yPyrVo104N3ekdr4VD0N6rE9HU/
            [user_nicename] => juliana
            [user_email] => juliana.faber@gmail.com
            [user_url] => 
            [user_registered] => 2017-07-18 15:07:39
            [user_activation_key] => 
            [user_status] => 0
            [display_name] => Juliana
        )

    [1] => stdClass Object
        (
            [ID] => 15
            [user_login] => gilbertojabur
            [user_pass] => $P$BhRWoVrA4w.8KNvuy4CoKvc605Qd3V1
            [user_nicename] => gilbertojabur
            [user_email] => gilberto@ghj.com.br
            [user_url] => 
            [user_registered] => 2017-07-18 13:38:53
            [user_activation_key] => 
            [user_status] => 0
            [display_name] => gilbertojabur
        )

    [2] => stdClass Object
        (
            [ID] => 14
            [user_login] => Franco
            [user_pass] => $P$Bjh8u5RxS7RF5PhiP38HybDe4L5C/B/
            [user_nicename] => franco
            [user_email] => francofernandes@globo.com
            [user_url] => 
            [user_registered] => 2017-07-18 12:07:34
            [user_activation_key] => 
            [user_status] => 0
            [display_name] => Franco
        )

    [3] => stdClass Object
        (
            [ID] => 13
            [user_login] => ELIAS
            [user_pass] => $P$BuzHp3pYEd.Xi7uztKZO0JshhP1qv9.
            [user_nicename] => elias
            [user_email] => eliasfarahadv@gmail.com
            [user_url] => 
            [user_registered] => 2017-07-18 12:02:52
            [user_activation_key] => 
            [user_status] => 0
            [display_name] => ELIAS
        )

    [4] => stdClass Object
        (
            [ID] => 12
            [user_login] => heliofoliveira
            [user_pass] => $P$B1IsaaLM2nhciXBNZgBIEpJjA9loc11
            [user_nicename] => heliofoliveira
            [user_email] => h.ferraz@ferrazadv.com.br
            [user_url] => 
            [user_registered] => 2017-07-18 02:11:03
            [user_activation_key] => 
            [user_status] => 0
            [display_name] => heliofoliveira
        )

    [5] => stdClass Object
        (
            [ID] => 11
            [user_login] => Eliane
            [user_pass] => $P$BbtjwERlK4qD9MZ6HG3Wk.rf/nq2N3.
            [user_nicename] => eliane
            [user_email] => elianemmarques@hotmail.com
            [user_url] => 
            [user_registered] => 2017-07-17 22:45:25
            [user_activation_key] => 
            [user_status] => 0
            [display_name] => Eliane
        )

    [6] => stdClass Object
        (
            [ID] => 10
            [user_login] => agfernandes
            [user_pass] => $P$BYgaMtLR7SFy34fsMsCW9GKeQY8w2I/
            [user_nicename] => agfernandes
            [user_email] => fernandes.agf@hotmail.com
            [user_url] => 
            [user_registered] => 2017-07-17 18:26:12
            [user_activation_key] => 
            [user_status] => 0
            [display_name] => agfernandes
        )

    [7] => stdClass Object
        (
            [ID] => 9
            [user_login] => dalmolin82
            [user_pass] => $P$B0Zg4crP6BoR1ZfWDi6ozeO3oVZ6.D.
            [user_nicename] => dalmolin82
            [user_email] => gustavo@dalmolin.not.br
            [user_url] => 
            [user_registered] => 2017-07-17 16:59:06
            [user_activation_key] => 
            [user_status] => 0
            [display_name] => dalmolin82
        )

    [8] => stdClass Object
        (
            [ID] => 8
            [user_login] => annaavf
            [user_pass] => $P$BuOEsW4K/FPL1hX2I.zv07QzbfzjjH/
            [user_nicename] => annaavf
            [user_email] => anna.avfigueiredo@gmail.com
            [user_url] => 
            [user_registered] => 2017-07-17 16:47:25
            [user_activation_key] => 
            [user_status] => 0
            [display_name] => annaavf
        )

    [9] => stdClass Object
        (
            [ID] => 7
            [user_login] => mdeamon
            [user_pass] => $P$BpkxOFBJIw.PNxwsPVDodZn22le9.e0
            [user_nicename] => mdeamon
            [user_email] => sm@hotmail.com
            [user_url] => 
            [user_registered] => 2017-07-13 15:55:22
            [user_activation_key] => 
            [user_status] => 0
            [display_name] => mdeamon
        )

    [10] => stdClass Object
        (
            [ID] => 6
            [user_login] => douglasb
            [user_pass] => $P$BZQzHZ8PplaeqqkwmEh1/53m4N.n9o1
            [user_nicename] => douglasb
            [user_email] => douglascorreiasf2016@gmail.com
            [user_url] => 
            [user_registered] => 2017-07-13 13:43:22
            [user_activation_key] => 
            [user_status] => 0
            [display_name] => douglasb
        )

    [11] => stdClass Object
        (
            [ID] => 5
            [user_login] => douglasc
            [user_pass] => $P$BWrCaE3RRKp3Ba1RH0VZ.uDv2CKk5l1
            [user_nicename] => douglasc
            [user_email] => dcorreya13@hotmail.com
            [user_url] => 
            [user_registered] => 2017-07-13 13:38:17
            [user_activation_key] => 
            [user_status] => 0
            [display_name] => douglasc
        )

    [12] => stdClass Object
        (
            [ID] => 4
            [user_login] => Bruno
            [user_pass] => $P$B24rlw.lJzns.MkIW5Cr6PTMjYGR0T.
            [user_nicename] => bruno
            [user_email] => avila.borgarelli@gmail.com
            [user_url] => 
            [user_registered] => 2017-07-12 19:24:24
            [user_activation_key] => 
            [user_status] => 0
            [display_name] => Bruno
        )

    [13] => stdClass Object
        (
            [ID] => 3
            [user_login] => Douglas
            [user_pass] => $P$BD4PPr/.EBcIBu7QYi3wUVYPF.LMQd0
            [user_nicename] => douglas
            [user_email] => douglas@adfas.org.br
            [user_url] => 
            [user_registered] => 2017-07-12 17:54:59
            [user_activation_key] => 
            [user_status] => 0
            [display_name] => Douglas
        )

    [14] => stdClass Object
        (
            [ID] => 2
            [user_login] => smallsuporte
            [user_pass] => $P$BHQInsZUonPyNWmFgE3naAXkfDm7jW0
            [user_nicename] => smallsuporte
            [user_email] => mateus@agenciasmall.com.br
            [user_url] => 
            [user_registered] => 2017-07-10 18:51:07
            [user_activation_key] => 
            [user_status] => 0
            [display_name] => smallsuporte
        )

)

