
1. [2017-07-13 13:03:25 UTC]: 
----------------------------------------------------------------------------------------------------
SELECT SQL_CALC_FOUND_ROWS * FROM `wp_users` 
		        WHERE ID NOT IN (1)   ORDER BY ID desc  LIMIT 0, 100

2. [2017-07-13 13:03:25 UTC]: 
----------------------------------------------------------------------------------------------------
Array
(
    [0] => stdClass Object
        (
            [ID] => 4
            [user_login] => Bruno
            [user_pass] => $P$B24rlw.lJzns.MkIW5Cr6PTMjYGR0T.
            [user_nicename] => bruno
            [user_email] => avila.borgarelli@gmail.com
            [user_url] => 
            [user_registered] => 2017-07-12 19:24:24
            [user_activation_key] => 
            [user_status] => 0
            [display_name] => Bruno
        )

    [1] => stdClass Object
        (
            [ID] => 3
            [user_login] => Douglas
            [user_pass] => $P$BD4PPr/.EBcIBu7QYi3wUVYPF.LMQd0
            [user_nicename] => douglas
            [user_email] => douglas@adfas.org.br
            [user_url] => 
            [user_registered] => 2017-07-12 17:54:59
            [user_activation_key] => 
            [user_status] => 0
            [display_name] => Douglas
        )

    [2] => stdClass Object
        (
            [ID] => 2
            [user_login] => smallsuporte
            [user_pass] => $P$BHQInsZUonPyNWmFgE3naAXkfDm7jW0
            [user_nicename] => smallsuporte
            [user_email] => mateus@agenciasmall.com.br
            [user_url] => 
            [user_registered] => 2017-07-10 18:51:07
            [user_activation_key] => 
            [user_status] => 0
            [display_name] => smallsuporte
        )

)

