
1. [2018-01-26 16:58:18 UTC]: 
----------------------------------------------------------------------------------------------------
SELECT SQL_CALC_FOUND_ROWS * FROM `wp_users` 
		        WHERE ID NOT IN (1)  AND `ID` IN (79)  ORDER BY ID DESC  LIMIT 0, 100

2. [2018-01-26 16:58:18 UTC]: 
----------------------------------------------------------------------------------------------------
Array
(
    [0] => stdClass Object
        (
            [ID] => 79
            [user_login] => CHARLES_ALBERT
            [user_pass] => $P$BhHnH29jhWCETInVFBbg5TTEUY2vtk/
            [user_nicename] => charles_albert
            [user_email] => charlesagl@hotmail.com
            [user_url] => 
            [user_registered] => 2017-10-25 15:04:35
            [user_activation_key] => 
            [user_status] => 0
            [display_name] => CHARLES_ALBERT
        )

)

