
1. [2018-01-26 13:39:51 UTC]: 
----------------------------------------------------------------------------------------------------
SELECT SQL_CALC_FOUND_ROWS * FROM `wp_users` 
		        WHERE ID NOT IN (1)  AND DATE_FORMAT(user_registered,'%Y-%m-%d') BETWEEN '2017-07-26' AND '26-20-01'  ORDER BY ID ASC  LIMIT 0, 100

2. [2018-01-26 13:39:51 UTC]: 
----------------------------------------------------------------------------------------------------
Array
(
    [0] => stdClass Object
        (
            [ID] => 25
            [user_login] => cjbonemer
            [user_pass] => $P$BUK3irBxfvA8iSEVXA.squ8UAHXvz20
            [user_nicename] => cjbonemer
            [user_email] => cjbonemer@gmail.com
            [user_url] => 
            [user_registered] => 2017-07-26 00:09:14
            [user_activation_key] => 
            [user_status] => 0
            [display_name] => cjbonemer
        )

    [1] => stdClass Object
        (
            [ID] => 26
            [user_login] => Nayara
            [user_pass] => $P$BvMj2LpUqroH9hmxqlNRHpcFslXOyY/
            [user_nicename] => nayara
            [user_email] => nina0991@hotmail.com
            [user_url] => 
            [user_registered] => 2017-07-26 17:41:21
            [user_activation_key] => 1501546088:$P$Bwq4eUX00qoX.BtJP9ENIafr7R4pb5.
            [user_status] => 0
            [display_name] => Nayara
        )

    [2] => stdClass Object
        (
            [ID] => 27
            [user_login] => anacaroline@eabl.com.br
            [user_pass] => $P$BF7CIRVv7VyrU7lMxMec4eWee3gmzy1
            [user_nicename] => anacarolineeabl-com-br
            [user_email] => anacaroline@eabl.com.br
            [user_url] => 
            [user_registered] => 2017-07-26 18:04:26
            [user_activation_key] => 
            [user_status] => 0
            [display_name] => anacaroline@eabl.com.br
        )

    [3] => stdClass Object
        (
            [ID] => 28
            [user_login] => PH_Brunetti
            [user_pass] => $P$BuASGJlFLoK9QVFVjNV4f6ZY7SqhvO1
            [user_nicename] => ph_brunetti
            [user_email] => phbrunetti@adv.oabmg.org.br
            [user_url] => 
            [user_registered] => 2017-07-26 18:25:49
            [user_activation_key] => 1516121873:$P$BVD/Z3.Ma/EOD2lBQa7rYU59gXF5Wl/
            [user_status] => 0
            [display_name] => PH_Brunetti
        )

    [4] => stdClass Object
        (
            [ID] => 29
            [user_login] => Clemencia
            [user_pass] => $P$BsxTdZ32SA7Gm4eNZuxQzbEgCJ.Vp6/
            [user_nicename] => clemencia
            [user_email] => clemenciawolthers@wth.com.br
            [user_url] => 
            [user_registered] => 2017-07-26 20:12:52
            [user_activation_key] => 
            [user_status] => 0
            [display_name] => Clemencia
        )

    [5] => stdClass Object
        (
            [ID] => 30
            [user_login] => niiijvpet
            [user_pass] => $P$BU46ilPIsmWRrUdSq8Vk8yvshB7toK1
            [user_nicename] => niiijvpet
            [user_email] => tceiiegiuj@mailermails.info
            [user_url] => 
            [user_registered] => 2017-07-27 00:34:49
            [user_activation_key] => 
            [user_status] => 0
            [display_name] => niiijvpet
        )

    [6] => stdClass Object
        (
            [ID] => 31
            [user_login] => gpbastos
            [user_pass] => $P$BJQU5BYS./aPTM.TD874cJx0rCoNJC.
            [user_nicename] => gpbastos
            [user_email] => gilvan@decidir.com.br
            [user_url] => 
            [user_registered] => 2017-07-27 20:44:21
            [user_activation_key] => 
            [user_status] => 0
            [display_name] => gpbastos
        )

    [7] => stdClass Object
        (
            [ID] => 32
            [user_login] => irma
            [user_pass] => $P$BX2h5N2X5EUAtKYQTtKVXiMY.bDECM1
            [user_nicename] => irma
            [user_email] => irmamaceira@gmail.com
            [user_url] => 
            [user_registered] => 2017-07-28 11:55:55
            [user_activation_key] => 
            [user_status] => 0
            [display_name] => irma
        )

    [8] => stdClass Object
        (
            [ID] => 33
            [user_login] => sanhvcrib
            [user_pass] => $P$Bl/2CS0QvuARrnKXKRHsSQHJm/ki9h1
            [user_nicename] => sanhvcrib
            [user_email] => bolonkamin@yandex.ru
            [user_url] => 
            [user_registered] => 2017-07-29 17:55:11
            [user_activation_key] => 
            [user_status] => 0
            [display_name] => sanhvcrib
        )

    [9] => stdClass Object
        (
            [ID] => 34
            [user_login] => lauraslbrito
            [user_pass] => $P$BFOXXj4AblI5/7uZw568qIhPMhrEbG1
            [user_nicename] => lauraslbrito
            [user_email] => lauraslbrito@gmail.com
            [user_url] => 
            [user_registered] => 2017-07-31 15:29:15
            [user_activation_key] => 
            [user_status] => 0
            [display_name] => lauraslbrito
        )

    [10] => stdClass Object
        (
            [ID] => 35
            [user_login] => silviahelenachuairicarmona
            [user_pass] => $P$BlAmOAFKhaQAGbwBndZDZoci9E.3rt/
            [user_nicename] => silviahelenachuairicarmona
            [user_email] => silviahelenachuairicarmona@gmail.com
            [user_url] => 
            [user_registered] => 2017-07-31 18:10:08
            [user_activation_key] => 
            [user_status] => 0
            [display_name] => silviahelenachuairicarmona
        )

    [11] => stdClass Object
        (
            [ID] => 36
            [user_login] => isenise@oabsp.org.br
            [user_pass] => $P$BI32NqvG/1Zq/7SH5QHKrK.eePlBdN.
            [user_nicename] => iseniseoabsp-org-br
            [user_email] => isenise@oabsp.org.br
            [user_url] => 
            [user_registered] => 2017-08-01 14:23:31
            [user_activation_key] => 
            [user_status] => 0
            [display_name] => isenise@oabsp.org.br
        )

    [12] => stdClass Object
        (
            [ID] => 37
            [user_login] => andrenamorato
            [user_pass] => $P$B8107kanP7/YtPlw0YGfP0PZUYweFV1
            [user_nicename] => andrenamorato
            [user_email] => andrenamorato@gmail.com
            [user_url] => 
            [user_registered] => 2017-08-01 20:09:53
            [user_activation_key] => 
            [user_status] => 0
            [display_name] => andrenamorato
        )

    [13] => stdClass Object
        (
            [ID] => 38
            [user_login] => leane
            [user_pass] => $P$Bt7/ZZP6xel36cdpq7QvdDmi5VK.sf1
            [user_nicename] => leane
            [user_email] => lkrine@hotmail.com
            [user_url] => 
            [user_registered] => 2017-08-01 22:19:10
            [user_activation_key] => 1502677988:$P$BFhuxz7DgTQU.4lKW8GpUPcUCKHjJ3.
            [user_status] => 0
            [display_name] => leane
        )

    [14] => stdClass Object
        (
            [ID] => 39
            [user_login] => Analdinaoliveira
            [user_pass] => $P$BoK/BDjKckdxgSSW.j0L9jiG53Kxex.
            [user_nicename] => analdinaoliveira
            [user_email] => analdina.neta@gmail.com
            [user_url] => 
            [user_registered] => 2017-08-03 14:26:43
            [user_activation_key] => 
            [user_status] => 0
            [display_name] => Analdinaoliveira
        )

    [15] => stdClass Object
        (
            [ID] => 40
            [user_login] => fabiotancredi
            [user_pass] => $P$BDa9bjtH/XCJHFMnanFnV4X8mS6xzK1
            [user_nicename] => fabiotancredi
            [user_email] => fabio@tancredi.adv.br
            [user_url] => 
            [user_registered] => 2017-08-03 17:43:23
            [user_activation_key] => 1511450429:$P$BSSwZU11A4aPyG4CAcq6YLYv7qx84Y0
            [user_status] => 0
            [display_name] => fabiotancredi
        )

    [16] => stdClass Object
        (
            [ID] => 41
            [user_login] => amandaoliveira
            [user_pass] => $P$BJ1/KiSRZ61X0LJ44vwi68AN7SCK3P1
            [user_nicename] => amandaoliveira
            [user_email] => amanda@santosmenezes.com.br
            [user_url] => 
            [user_registered] => 2017-08-03 17:55:57
            [user_activation_key] => 
            [user_status] => 0
            [display_name] => amandaoliveira
        )

    [17] => stdClass Object
        (
            [ID] => 42
            [user_login] => Irani
            [user_pass] => $P$BTagOYzd0uoU.i9JPs22m6JFiTpu2F0
            [user_nicename] => irani
            [user_email] => irani.nina@hotmail.com
            [user_url] => 
            [user_registered] => 2017-08-04 01:26:17
            [user_activation_key] => 
            [user_status] => 0
            [display_name] => Irani
        )

    [18] => stdClass Object
        (
            [ID] => 43
            [user_login] => nmzkndpet
            [user_pass] => $P$BfusMhUCyCf3cS1DxWoGFYOpuhSz/m/
            [user_nicename] => nmzkndpet
            [user_email] => shrmzamtzw@emmails.info
            [user_url] => 
            [user_registered] => 2017-08-05 03:58:18
            [user_activation_key] => 
            [user_status] => 0
            [display_name] => nmzkndpet
        )

    [19] => stdClass Object
        (
            [ID] => 44
            [user_login] => ngxtrppet
            [user_pass] => $P$Bt9o.lkt9Xyps/CZtT3KS2D.pD/OIy.
            [user_nicename] => ngxtrppet
            [user_email] => wbyfkvkibz@mailermails.info
            [user_url] => 
            [user_registered] => 2017-08-05 07:02:03
            [user_activation_key] => 
            [user_status] => 0
            [display_name] => ngxtrppet
        )

    [20] => stdClass Object
        (
            [ID] => 45
            [user_login] => ntpkrqpet
            [user_pass] => $P$Bj7fhbT/696gxw/BHNMaVjNBQZ3T16/
            [user_nicename] => ntpkrqpet
            [user_email] => mkplypiuer@mailstome.today
            [user_url] => 
            [user_registered] => 2017-08-05 07:02:13
            [user_activation_key] => 
            [user_status] => 0
            [display_name] => ntpkrqpet
        )

    [21] => stdClass Object
        (
            [ID] => 46
            [user_login] => nwbexzpet
            [user_pass] => $P$B17ToLLKmvMbKlz.Hk4F/PezbHAutw/
            [user_nicename] => nwbexzpet
            [user_email] => bczlqoqrqv@mailmefast.info
            [user_url] => 
            [user_registered] => 2017-08-05 07:02:17
            [user_activation_key] => 
            [user_status] => 0
            [display_name] => nwbexzpet
        )

    [22] => stdClass Object
        (
            [ID] => 47
            [user_login] => nhzrenpet
            [user_pass] => $P$BrjrKzRp4KCoG4c8FvIztCgHHJzoRC.
            [user_nicename] => nhzrenpet
            [user_email] => gnkvyuozpp@emmail.info
            [user_url] => 
            [user_registered] => 2017-08-05 09:41:00
            [user_activation_key] => 
            [user_status] => 0
            [display_name] => nhzrenpet
        )

    [23] => stdClass Object
        (
            [ID] => 48
            [user_login] => dapocavi
            [user_pass] => $P$BAjxIHPEWkgzstT44/mrZGTRkgN0zg/
            [user_nicename] => dapocavi
            [user_email] => dapocavi@gmail.com
            [user_url] => 
            [user_registered] => 2017-08-06 21:33:35
            [user_activation_key] => 
            [user_status] => 0
            [display_name] => dapocavi
        )

    [24] => stdClass Object
        (
            [ID] => 49
            [user_login] => LEduardo
            [user_pass] => $P$BNsGnx4l2/FQrjn5Gl5dNhmMUmPget1
            [user_nicename] => leduardo
            [user_email] => luiseduardo@reginabeatriz.adv.br
            [user_url] => 
            [user_registered] => 2017-08-09 15:04:44
            [user_activation_key] => 
            [user_status] => 0
            [display_name] => LEduardo
        )

    [25] => stdClass Object
        (
            [ID] => 50
            [user_login] => RB
            [user_pass] => $P$Bxs6WNxSfHHtLErvnLMxMuMU42yE2e1
            [user_nicename] => rb
            [user_email] => reginabeatriz@reginabeatriz.adv.br
            [user_url] => 
            [user_registered] => 2017-08-09 15:33:11
            [user_activation_key] => 
            [user_status] => 0
            [display_name] => RB
        )

    [26] => stdClass Object
        (
            [ID] => 51
            [user_login] => atalacorreia@gmail.com
            [user_pass] => $P$BpgUT0MBwsAq7gk7OMlNt9RbrMPNVT.
            [user_nicename] => atalacorreiagmail-com
            [user_email] => atalacorreia@gmail.com
            [user_url] => 
            [user_registered] => 2017-08-14 01:06:57
            [user_activation_key] => 
            [user_status] => 0
            [display_name] => atalacorreia@gmail.com
        )

    [27] => stdClass Object
        (
            [ID] => 52
            [user_login] => AThemeatmeft
            [user_pass] => $P$BOWbFTnOeFoRiI5rljj.ym1Hus.HRl/
            [user_nicename] => athemeatmeft
            [user_email] => quonahquee@bestmailonline.com
            [user_url] => 
            [user_registered] => 2017-08-14 22:19:25
            [user_activation_key] => 
            [user_status] => 0
            [display_name] => AThemeatmeft
        )

    [28] => stdClass Object
        (
            [ID] => 53
            [user_login] => rcptoledo
            [user_pass] => $P$B3XtjTF4vZU76APz/n2Z/zFVlN4LGT/
            [user_nicename] => rcptoledo
            [user_email] => rcptoledo@terra.com.br
            [user_url] => 
            [user_registered] => 2017-08-16 18:05:16
            [user_activation_key] => 1514916048:$P$B6Pr1VMqJ3q.DOKfy34sR0FWcZPowv.
            [user_status] => 0
            [display_name] => rcptoledo
        )

    [29] => stdClass Object
        (
            [ID] => 54
            [user_login] => MauricioPires
            [user_pass] => $P$B8IpYLwXjCbcYYNkuVFCAKouLTyCDj.
            [user_nicename] => mauriciopires
            [user_email] => mauriciopires.advogado@gmail.com
            [user_url] => 
            [user_registered] => 2017-08-17 23:15:48
            [user_activation_key] => 
            [user_status] => 0
            [display_name] => MauricioPires
        )

    [30] => stdClass Object
        (
            [ID] => 55
            [user_login] => Lelandtig
            [user_pass] => $P$BbiV/KwIimQCLa6Av3jSd2fqYnltGl.
            [user_nicename] => lelandtig
            [user_email] => laelebeidiorg@mail.ru
            [user_url] => 
            [user_registered] => 2017-08-19 21:59:58
            [user_activation_key] => 
            [user_status] => 0
            [display_name] => Lelandtig
        )

    [31] => stdClass Object
        (
            [ID] => 56
            [user_login] => engladrib
            [user_pass] => $P$BpaXpERRol6CyfOGNE/u0H6q7APdKm/
            [user_nicename] => engladrib
            [user_email] => maratorinko@yandex.ru
            [user_url] => 
            [user_registered] => 2017-08-22 14:30:12
            [user_activation_key] => 
            [user_status] => 0
            [display_name] => engladrib
        )

    [32] => stdClass Object
        (
            [ID] => 57
            [user_login] => MAUGERI
            [user_pass] => $P$BIAoi9ih0fOv3/3W8AWdFd4v88BiZI1
            [user_nicename] => maugeri
            [user_email] => maugeri53@hotmail.com
            [user_url] => 
            [user_registered] => 2017-08-23 20:15:36
            [user_activation_key] => 
            [user_status] => 0
            [display_name] => MAUGERI
        )

    [33] => stdClass Object
        (
            [ID] => 58
            [user_login] => Vischacker
            [user_pass] => $P$B6pxeHmO/ysGlqrRC6FT6swGqaRWOb1
            [user_nicename] => vischacker
            [user_email] => vivis.direito@hotmail.com
            [user_url] => 
            [user_registered] => 2017-08-25 18:47:44
            [user_activation_key] => 
            [user_status] => 0
            [display_name] => Vischacker
        )

    [34] => stdClass Object
        (
            [ID] => 59
            [user_login] => CaseyDus
            [user_pass] => $P$B3twWNB0a3epgQdxTYeTS1X/diTjAR/
            [user_nicename] => caseydus
            [user_email] => faustinaprosserbcfp@yahoo.com
            [user_url] => 
            [user_registered] => 2017-08-26 22:10:30
            [user_activation_key] => 
            [user_status] => 0
            [display_name] => CaseyDus
        )

    [35] => stdClass Object
        (
            [ID] => 60
            [user_login] => niirhppet
            [user_pass] => $P$BMtGkWClDZJKkWjrhYfNupdfloCLWs.
            [user_nicename] => niirhppet
            [user_email] => ppsjhiojwo@mailermails.info
            [user_url] => 
            [user_registered] => 2017-08-27 18:50:32
            [user_activation_key] => 
            [user_status] => 0
            [display_name] => niirhppet
        )

    [36] => stdClass Object
        (
            [ID] => 61
            [user_login] => leopbatista@yahoo.com.br
            [user_pass] => $P$BudTajb9lWxn1b5.F8AcNQsoK9fsUp.
            [user_nicename] => leopbatistayahoo-com-br
            [user_email] => leopbatista@yahoo.com.br
            [user_url] => 
            [user_registered] => 2017-08-28 20:49:00
            [user_activation_key] => 
            [user_status] => 0
            [display_name] => leopbatista@yahoo.com.br
        )

    [37] => stdClass Object
        (
            [ID] => 62
            [user_login] => ntqzllpet
            [user_pass] => $P$BHnpI/pFMFYIuBbJeBzoCzD2/SWcb0.
            [user_nicename] => ntqzllpet
            [user_email] => nbikxythhb@mailstome.today
            [user_url] => 
            [user_registered] => 2017-08-29 17:19:18
            [user_activation_key] => 
            [user_status] => 0
            [display_name] => ntqzllpet
        )

    [38] => stdClass Object
        (
            [ID] => 63
            [user_login] => sergiomatheusgarcez
            [user_pass] => $P$BdQP6VcQAT5PaJsPx7aUV2LQGbVhRi.
            [user_nicename] => sergiomatheusgarcez
            [user_email] => sergiomatheusgarcez@gmail.com
            [user_url] => 
            [user_registered] => 2017-09-03 20:39:53
            [user_activation_key] => 
            [user_status] => 0
            [display_name] => sergiomatheusgarcez
        )

    [39] => stdClass Object
        (
            [ID] => 64
            [user_login] => valeriafveras
            [user_pass] => $P$B.EuGgm7iZsI14xaVUoT9B.wvBI/z91
            [user_nicename] => valeriafveras
            [user_email] => valeriafveras@gmail.com
            [user_url] => 
            [user_registered] => 2017-09-12 14:47:24
            [user_activation_key] => 1505910913:$P$B.QF0hkYIQDruEk2dMhkrxFYrPnXLk1
            [user_status] => 0
            [display_name] => valeriafveras
        )

    [40] => stdClass Object
        (
            [ID] => 65
            [user_login] => lauane@volpecamargo.com.br
            [user_pass] => $P$Bol9T2pYo9z3iQmb0A/dEvXj9dGp3x/
            [user_nicename] => lauanevolpecamargo-com-br
            [user_email] => lauane@volpecamargo.com.br
            [user_url] => 
            [user_registered] => 2017-09-13 18:55:22
            [user_activation_key] => 
            [user_status] => 0
            [display_name] => lauane@volpecamargo.com.br
        )

    [41] => stdClass Object
        (
            [ID] => 66
            [user_login] => Kuratown
            [user_pass] => $P$B2yYNimCpj/SXlsvyxAGNIy0C10pGh0
            [user_nicename] => kuratown
            [user_email] => vttqv4@1syn.info
            [user_url] => 
            [user_registered] => 2017-09-14 17:51:51
            [user_activation_key] => 
            [user_status] => 0
            [display_name] => Kuratown
        )

    [42] => stdClass Object
        (
            [ID] => 67
            [user_login] => alinestangorlini
            [user_pass] => $P$BoDotWZXfTmEsn7ghwwkiKzDBNXz1Z/
            [user_nicename] => alinestangorlini
            [user_email] => linealves2008@hotmail.com
            [user_url] => 
            [user_registered] => 2017-09-14 23:19:47
            [user_activation_key] => 1506025100:$P$BAZKaL0Ny2gGXRhzbRknvF4RoZ3YBX/
            [user_status] => 0
            [display_name] => alinestangorlini
        )

    [43] => stdClass Object
        (
            [ID] => 68
            [user_login] => Unercense
            [user_pass] => $P$BFbYPUuf20CX5MFSWb.pqIGlQa4slV/
            [user_nicename] => unercense
            [user_email] => racyWoopy@gmail.com
            [user_url] => 
            [user_registered] => 2017-09-20 10:06:35
            [user_activation_key] => 
            [user_status] => 0
            [display_name] => Unercense
        )

    [44] => stdClass Object
        (
            [ID] => 69
            [user_login] => CharlesSkymn
            [user_pass] => $P$B9ySNEAaRXJNrzYUOgzqqJLFxC3WUC.
            [user_nicename] => charlesskymn
            [user_email] => utesossamanolwh@yahoo.com
            [user_url] => 
            [user_registered] => 2017-09-24 21:32:07
            [user_activation_key] => 
            [user_status] => 0
            [display_name] => CharlesSkymn
        )

    [45] => stdClass Object
        (
            [ID] => 70
            [user_login] => ifleurymadeira@gmail.com
            [user_pass] => $P$B5LKLg3eWQRV7iHO2GFNjMzDQy73BQ1
            [user_nicename] => ifleurymadeiragmail-com
            [user_email] => ifleurymadeira@gmail.com
            [user_url] => 
            [user_registered] => 2017-09-28 16:06:14
            [user_activation_key] => 
            [user_status] => 0
            [display_name] => ifleurymadeira@gmail.com
        )

    [46] => stdClass Object
        (
            [ID] => 71
            [user_login] => tatianaabad
            [user_pass] => $P$BQonjThDdSNVRijmf1ozdCaMF6Suej1
            [user_nicename] => tatianaabad
            [user_email] => tatiana.abad@saitoassociados.com.br
            [user_url] => 
            [user_registered] => 2017-09-29 17:37:48
            [user_activation_key] => 
            [user_status] => 0
            [display_name] => tatianaabad
        )

    [47] => stdClass Object
        (
            [ID] => 72
            [user_login] => Jaqamaralgurgel
            [user_pass] => $P$BYqJZpZ/5zPDUN5aztsI9yPL2vCnyE0
            [user_nicename] => jaqamaralgurgel
            [user_email] => jaq@amaralgurgel.com
            [user_url] => 
            [user_registered] => 2017-10-04 14:20:52
            [user_activation_key] => 1508344732:$P$BHaSy8TLXukXcpLvpPAG4rT20bR.wG/
            [user_status] => 0
            [display_name] => Jaqamaralgurgel
        )

    [48] => stdClass Object
        (
            [ID] => 73
            [user_login] => helaynnepinheiro
            [user_pass] => $P$B8sNIUcJJyoCYSP8iyBK6/jI/XiUed/
            [user_nicename] => helaynnepinheiro
            [user_email] => helaynnet@gmail.com
            [user_url] => 
            [user_registered] => 2017-10-14 08:21:00
            [user_activation_key] => 
            [user_status] => 0
            [display_name] => helaynnepinheiro
        )

    [49] => stdClass Object
        (
            [ID] => 74
            [user_login] => DOLORES
            [user_pass] => $P$BvYCV5ojTJdRTU8VoC/pAMjM5GCeva.
            [user_nicename] => dolores
            [user_email] => doloreszvalerio@yahoo.com.br
            [user_url] => 
            [user_registered] => 2017-10-17 16:44:54
            [user_activation_key] => 
            [user_status] => 0
            [display_name] => DOLORES
        )

    [50] => stdClass Object
        (
            [ID] => 75
            [user_login] => usuarioteste
            [user_pass] => $P$BxH1lVP2Bc.MjawZpBMjesS69tAR/21
            [user_nicename] => usuarioteste
            [user_email] => mateus_so@yahoo.com.br
            [user_url] => 
            [user_registered] => 2017-10-17 20:01:49
            [user_activation_key] => 
            [user_status] => 0
            [display_name] => usuarioteste
        )

    [51] => stdClass Object
        (
            [ID] => 76
            [user_login] => DaianeJSilva
            [user_pass] => $P$BZZv4mf12GE6QPeXf/0wHXBk/8JBsD.
            [user_nicename] => daianejsilva
            [user_email] => daiane@reginabeatriz.adv.br
            [user_url] => 
            [user_registered] => 2017-10-19 21:51:22
            [user_activation_key] => 
            [user_status] => 0
            [display_name] => DaianeJSilva
        )

    [52] => stdClass Object
        (
            [ID] => 77
            [user_login] => Catia
            [user_pass] => $P$BndQDV6mziIewkeIGA/HVNTrtPNu/p.
            [user_nicename] => catia
            [user_email] => catia.oliver.adv@outlook.com
            [user_url] => 
            [user_registered] => 2017-10-20 19:21:06
            [user_activation_key] => 1508553158:$P$Bp.G9MniT2SGQ8IBz1hmeFmV8oJm9j0
            [user_status] => 0
            [display_name] => Catia
        )

    [53] => stdClass Object
        (
            [ID] => 78
            [user_login] => Catia2017
            [user_pass] => $P$BUbnHgou9N89C75VXhu9xA6nje5WuA0
            [user_nicename] => catia2017
            [user_email] => catiator@hotmail.com
            [user_url] => 
            [user_registered] => 2017-10-21 02:27:58
            [user_activation_key] => 
            [user_status] => 0
            [display_name] => Catia2017
        )

    [54] => stdClass Object
        (
            [ID] => 79
            [user_login] => CHARLES_ALBERT
            [user_pass] => $P$BhHnH29jhWCETInVFBbg5TTEUY2vtk/
            [user_nicename] => charles_albert
            [user_email] => charlesagl@hotmail.com
            [user_url] => 
            [user_registered] => 2017-10-25 15:04:35
            [user_activation_key] => 1509074540:$P$BCAPtU4O5/qBcEZMALYC/3VwnGuUR7/
            [user_status] => 0
            [display_name] => CHARLES_ALBERT
        )

    [55] => stdClass Object
        (
            [ID] => 80
            [user_login] => Sergio
            [user_pass] => $P$B3k7Y4jFw/mlyYdxkKrWM0YkhGqLDS.
            [user_nicename] => sergio
            [user_email] => sergio@fernandeschaves.com.br
            [user_url] => 
            [user_registered] => 2017-10-25 16:27:29
            [user_activation_key] => 
            [user_status] => 0
            [display_name] => Sergio
        )

    [56] => stdClass Object
        (
            [ID] => 81
            [user_login] => Luciene
            [user_pass] => $P$BOyiuY7h/bxMs4Kn/GsNiIBz9ZQwn.0
            [user_nicename] => luciene
            [user_email] => luciene.machadoadv@gmail.com
            [user_url] => 
            [user_registered] => 2017-10-30 13:19:27
            [user_activation_key] => 
            [user_status] => 0
            [display_name] => Luciene
        )

    [57] => stdClass Object
        (
            [ID] => 82
            [user_login] => AlexandraSL
            [user_pass] => $P$BLLBnrfepqx7FUyRSP0P9nChf466it/
            [user_nicename] => alexandrasl
            [user_email] => alexandraluppi@gmail.com
            [user_url] => 
            [user_registered] => 2017-10-30 17:03:41
            [user_activation_key] => 1509401454:$P$BQA31nwpKNUfl.uWr1mrB4JMfSeqeD1
            [user_status] => 0
            [display_name] => AlexandraSL
        )

    [58] => stdClass Object
        (
            [ID] => 83
            [user_login] => teste
            [user_pass] => $P$B6P7LjaROt8TmhjUOpQGN.6OulXN7Q/
            [user_nicename] => teste
            [user_email] => locaweb@www15.locaweb.com.br
            [user_url] => 
            [user_registered] => 2017-10-31 12:57:00
            [user_activation_key] => 
            [user_status] => 0
            [display_name] => teste
        )

    [59] => stdClass Object
        (
            [ID] => 84
            [user_login] => Justmog
            [user_pass] => $P$B.8VI87yeqi9vSKkgSdFe.7GElPyCO.
            [user_nicename] => justmog
            [user_email] => justMaiche@3drugs.com
            [user_url] => 
            [user_registered] => 2017-11-07 19:21:29
            [user_activation_key] => 
            [user_status] => 0
            [display_name] => Justmog
        )

    [60] => stdClass Object
        (
            [ID] => 85
            [user_login] => ALLEXCARVALHO
            [user_pass] => $P$BeaE80cWZ8oFr6F27BZIVJZsZbjCCf0
            [user_nicename] => allexcarvalho
            [user_email] => allexcarvalho_adv@outlook.com
            [user_url] => 
            [user_registered] => 2017-11-09 17:21:32
            [user_activation_key] => 
            [user_status] => 0
            [display_name] => ALLEXCARVALHO
        )

    [61] => stdClass Object
        (
            [ID] => 86
            [user_login] => Davidfaits
            [user_pass] => $P$B984MfyxcK86ZQPKUIChCYFAG4LfQj.
            [user_nicename] => davidfaits
            [user_email] => quentinmusick2av10a1nfw@yahoo.com
            [user_url] => 
            [user_registered] => 2017-11-10 01:06:48
            [user_activation_key] => 
            [user_status] => 0
            [display_name] => Davidfaits
        )

    [62] => stdClass Object
        (
            [ID] => 87
            [user_login] => dennye57968
            [user_pass] => $P$B018f5CPtoLa/J9ihwp7KH9d7QYwfK1
            [user_nicename] => dennye57968
            [user_email] => ericmorris41z5rhetvl@yahoo.com
            [user_url] => 
            [user_registered] => 2017-11-13 01:18:21
            [user_activation_key] => 
            [user_status] => 0
            [display_name] => dennye57968
        )

    [63] => stdClass Object
        (
            [ID] => 88
            [user_login] => AntonioRicardo
            [user_pass] => $P$BboONzhzCcXNV.u.gp4GLM35W6nMEI1
            [user_nicename] => antonioricardo
            [user_email] => antonioricardo@armj.adv.br
            [user_url] => 
            [user_registered] => 2017-11-16 12:47:40
            [user_activation_key] => 
            [user_status] => 0
            [display_name] => AntonioRicardo
        )

    [64] => stdClass Object
        (
            [ID] => 89
            [user_login] => RichardZewiz
            [user_pass] => $P$BjMoeb6N0iL.URODhT6vCroX3xGXg./
            [user_nicename] => richardzewiz
            [user_email] => williamstuart3y24w@yahoo.com
            [user_url] => 
            [user_registered] => 2017-11-21 11:13:09
            [user_activation_key] => 
            [user_status] => 0
            [display_name] => RichardZewiz
        )

    [65] => stdClass Object
        (
            [ID] => 90
            [user_login] => DaianejdaSilva
            [user_pass] => $P$BJ3EwilzEb0T6XXne6NVXcxlSlzkRH0
            [user_nicename] => daianejdasilva
            [user_email] => daianejakel@gmail.com
            [user_url] => 
            [user_registered] => 2017-12-01 14:11:06
            [user_activation_key] => 
            [user_status] => 0
            [display_name] => DaianejdaSilva
        )

    [66] => stdClass Object
        (
            [ID] => 91
            [user_login] => belbonini
            [user_pass] => $P$BuDSPHLkQJf5HnRL7JW7sazjUzus2z1
            [user_nicename] => belbonini
            [user_email] => boninibel@gmail.com
            [user_url] => 
            [user_registered] => 2017-12-01 16:58:55
            [user_activation_key] => 1513176957:$P$Bq6COZ6jRvdHSIL0/OAIlWBuiEckKJ.
            [user_status] => 0
            [display_name] => belbonini
        )

    [67] => stdClass Object
        (
            [ID] => 92
            [user_login] => LucianaGamboa
            [user_pass] => $P$BquweNTbzu4genGSCWnbk0nJ9KVzSs/
            [user_nicename] => lucianagamboa
            [user_email] => lucianagamboaadv@yahoo.com.br
            [user_url] => 
            [user_registered] => 2017-12-04 19:20:28
            [user_activation_key] => 
            [user_status] => 0
            [display_name] => LucianaGamboa
        )

    [68] => stdClass Object
        (
            [ID] => 93
            [user_login] => Wladimir
            [user_pass] => $P$B8e4MbucJPVXF4jZp39LRBVY8mcg5o.
            [user_nicename] => wladimir
            [user_email] => wlladcs@gmail.com
            [user_url] => 
            [user_registered] => 2017-12-05 15:12:37
            [user_activation_key] => 
            [user_status] => 0
            [display_name] => Wladimir
        )

    [69] => stdClass Object
        (
            [ID] => 94
            [user_login] => helenalisboa
            [user_pass] => $P$BewYk6WS35MnbsPCdHCpNQ/VHrGGvH0
            [user_nicename] => helenalisboa
            [user_email] => helenalisboa@gmail.com
            [user_url] => 
            [user_registered] => 2017-12-06 00:47:32
            [user_activation_key] => 1513122056:$P$BwESA8Wi9u4aVd/LipneEq82k090H8.
            [user_status] => 0
            [display_name] => helenalisboa
        )

    [70] => stdClass Object
        (
            [ID] => 95
            [user_login] => Guestemuse
            [user_pass] => $P$BIFWIUFG9qaAywX9JZVF5LNfiKlmP90
            [user_nicename] => guestemuse
            [user_email] => samburton202@aol.co.uk
            [user_url] => 
            [user_registered] => 2017-12-07 18:41:11
            [user_activation_key] => 
            [user_status] => 0
            [display_name] => Guestemuse
        )

    [71] => stdClass Object
        (
            [ID] => 96
            [user_login] => rezendepatricia
            [user_pass] => $P$BAZvJznCcwlRn4vMMsHfoIDi72xAH1/
            [user_nicename] => rezendepatricia
            [user_email] => rezendepatricia@hotmail.com
            [user_url] => 
            [user_registered] => 2017-12-17 05:18:38
            [user_activation_key] => 
            [user_status] => 0
            [display_name] => rezendepatricia
        )

    [72] => stdClass Object
        (
            [ID] => 97
            [user_login] => anelise
            [user_pass] => $P$BFlu.q09bGM2ifb6XjtC37vq0NFLRW1
            [user_nicename] => anelise
            [user_email] => anelisemuniz@hotmail.com
            [user_url] => 
            [user_registered] => 2017-12-19 08:41:44
            [user_activation_key] => 
            [user_status] => 0
            [display_name] => anelise
        )

    [73] => stdClass Object
        (
            [ID] => 98
            [user_login] => Fuendeve
            [user_pass] => $P$B5vTyAREl8WWThxWlZvU9Kk/yvzYku.
            [user_nicename] => fuendeve
            [user_email] => Fuendeve@seron.top
            [user_url] => 
            [user_registered] => 2017-12-19 13:25:25
            [user_activation_key] => 
            [user_status] => 0
            [display_name] => Fuendeve
        )

    [74] => stdClass Object
        (
            [ID] => 99
            [user_login] => PAULO
            [user_pass] => $P$BSCLSdTKglqZbUg0xR2ib.0BOWIJJP.
            [user_nicename] => paulo
            [user_email] => parrudajuridico@terra.com.br
            [user_url] => 
            [user_registered] => 2017-12-21 17:03:54
            [user_activation_key] => 
            [user_status] => 0
            [display_name] => PAULO
        )

    [75] => stdClass Object
        (
            [ID] => 100
            [user_login] => Aglyncdealge
            [user_pass] => $P$BzoY3RQ7BC7Rv9snAekyAEbWumcPtn0
            [user_nicename] => aglyncdealge
            [user_email] => ajeiliezan@fastmailforyou.net
            [user_url] => 
            [user_registered] => 2017-12-26 10:28:21
            [user_activation_key] => 
            [user_status] => 0
            [display_name] => Aglyncdealge
        )

    [76] => stdClass Object
        (
            [ID] => 101
            [user_login] => CheesterQuits
            [user_pass] => $P$BCiz0.D.22vwS5chGuIfkNXU8utrt90
            [user_nicename] => cheesterquits
            [user_email] => rgevtyjhnbii@mailbosi.com
            [user_url] => 
            [user_registered] => 2017-12-27 14:10:22
            [user_activation_key] => 
            [user_status] => 0
            [display_name] => CheesterQuits
        )

    [77] => stdClass Object
        (
            [ID] => 102
            [user_login] => diegorocha
            [user_pass] => $P$BmlT9U.gkJajF89pD.sth1.5oUfag4.
            [user_nicename] => diegorocha
            [user_email] => diegorocha@live.com
            [user_url] => 
            [user_registered] => 2018-01-02 13:01:19
            [user_activation_key] => 
            [user_status] => 0
            [display_name] => diegorocha
        )

    [78] => stdClass Object
        (
            [ID] => 103
            [user_login] => danilo
            [user_pass] => $P$BR/Xlm4Wl5ROIRFbMOnXeb4G8/LYWR.
            [user_nicename] => danilo
            [user_email] => danilo@danilomendes.adv.br
            [user_url] => 
            [user_registered] => 2018-01-05 01:27:47
            [user_activation_key] => 
            [user_status] => 0
            [display_name] => danilo
        )

    [79] => stdClass Object
        (
            [ID] => 104
            [user_login] => topengrib
            [user_pass] => $P$BxKUMRW8v.dge2e0GVMotK42GRHtQh/
            [user_nicename] => topengrib
            [user_email] => barabostya@yandex.ru
            [user_url] => 
            [user_registered] => 2018-01-08 07:17:28
            [user_activation_key] => 
            [user_status] => 0
            [display_name] => topengrib
        )

    [80] => stdClass Object
        (
            [ID] => 105
            [user_login] => jomarso
            [user_pass] => $P$BS7W4bJ0f2hkNJzxSng6Pxf88oxM1e.
            [user_nicename] => jomarso
            [user_email] => jomarso_ze@yahoo.com.br
            [user_url] => 
            [user_registered] => 2018-01-09 10:49:17
            [user_activation_key] => 
            [user_status] => 0
            [display_name] => jomarso
        )

    [81] => stdClass Object
        (
            [ID] => 106
            [user_login] => BesterQuits
            [user_pass] => $P$Bw7Zrav6vG4UNM3/BerDymydigxQDD/
            [user_nicename] => besterquits
            [user_email] => bester@mail4coin.com
            [user_url] => 
            [user_registered] => 2018-01-11 20:48:40
            [user_activation_key] => 
            [user_status] => 0
            [display_name] => BesterQuits
        )

    [82] => stdClass Object
        (
            [ID] => 107
            [user_login] => EduardoGAmorim
            [user_pass] => $P$BqrFVqfqNNdS5/lXrNM0GYvAa.DANh0
            [user_nicename] => eduardogamorim
            [user_email] => eduardo@igfadvogados.com.br
            [user_url] => 
            [user_registered] => 2018-01-16 12:18:25
            [user_activation_key] => 
            [user_status] => 0
            [display_name] => EduardoGAmorim
        )

    [83] => stdClass Object
        (
            [ID] => 108
            [user_login] => Costerml
            [user_pass] => $P$BG0rPNdZOqD7.fi.WUoMYHWfTLqWAq.
            [user_nicename] => costerml
            [user_email] => coster@mail4coin.com
            [user_url] => 
            [user_registered] => 2018-01-16 15:44:29
            [user_activation_key] => 
            [user_status] => 0
            [display_name] => Costerml
        )

    [84] => stdClass Object
        (
            [ID] => 109
            [user_login] => analuizamrodrigues
            [user_pass] => $P$ByjJZC/PZt9gqqCzpEBo83yV1JOvVJ/
            [user_nicename] => analuizamrodrigues
            [user_email] => analuizamrodrigues@gmail.com
            [user_url] => 
            [user_registered] => 2018-01-17 13:53:51
            [user_activation_key] => 
            [user_status] => 0
            [display_name] => analuizamrodrigues
        )

    [85] => stdClass Object
        (
            [ID] => 110
            [user_login] => milena
            [user_pass] => $P$Bhi25ArJculeQPs/W.0.Fn27M5UCwX1
            [user_nicename] => milena
            [user_email] => milena.lisanti@hotmail.com
            [user_url] => 
            [user_registered] => 2018-01-19 21:57:51
            [user_activation_key] => 
            [user_status] => 0
            [display_name] => milena
        )

    [86] => stdClass Object
        (
            [ID] => 111
            [user_login] => Bosterml
            [user_pass] => $P$BnQnvUPD0aX5aB7idbw6wsZKVJC6KO0
            [user_nicename] => bosterml
            [user_email] => boster@mail4coin.com
            [user_url] => 
            [user_registered] => 2018-01-22 13:56:46
            [user_activation_key] => 
            [user_status] => 0
            [display_name] => Bosterml
        )

    [87] => stdClass Object
        (
            [ID] => 112
            [user_login] => alerrandro
            [user_pass] => $P$BnQp7x7PPHcs97h28dQpLN09mT9ham1
            [user_nicename] => alerrandro
            [user_email] => alerrra@hotmail.com
            [user_url] => 
            [user_registered] => 2018-01-23 22:33:22
            [user_activation_key] => 
            [user_status] => 0
            [display_name] => alerrandro
        )

    [88] => stdClass Object
        (
            [ID] => 113
            [user_login] => PosterTax
            [user_pass] => $P$B8mq7n/oG5Lv8Wc2M/H8dUrZNXJN/Y.
            [user_nicename] => postertax
            [user_email] => posster@mail4coin.com
            [user_url] => 
            [user_registered] => 2018-01-25 17:04:58
            [user_activation_key] => 
            [user_status] => 0
            [display_name] => PosterTax
        )

)

