
1. [2018-01-26 16:50:34 UTC]: 
----------------------------------------------------------------------------------------------------
SELECT SQL_CALC_FOUND_ROWS * FROM `wp_users` 
		        WHERE ID NOT IN (1)  AND `user_login` LIKE '%Charles%'  ORDER BY user_login DESC  LIMIT 0, 100

2. [2018-01-26 16:50:34 UTC]: 
----------------------------------------------------------------------------------------------------
Array
(
    [0] => stdClass Object
        (
            [ID] => 79
            [user_login] => CHARLES_ALBERT
            [user_pass] => $P$BhHnH29jhWCETInVFBbg5TTEUY2vtk/
            [user_nicename] => charles_albert
            [user_email] => charlesagl@hotmail.com
            [user_url] => 
            [user_registered] => 2017-10-25 15:04:35
            [user_activation_key] => 
            [user_status] => 0
            [display_name] => CHARLES_ALBERT
        )

    [1] => stdClass Object
        (
            [ID] => 69
            [user_login] => CharlesSkymn
            [user_pass] => $P$B9ySNEAaRXJNrzYUOgzqqJLFxC3WUC.
            [user_nicename] => charlesskymn
            [user_email] => utesossamanolwh@yahoo.com
            [user_url] => 
            [user_registered] => 2017-09-24 21:32:07
            [user_activation_key] => 
            [user_status] => 0
            [display_name] => CharlesSkymn
        )

)

