
1. [2018-01-26 14:14:50 UTC]: 
----------------------------------------------------------------------------------------------------
SELECT SQL_CALC_FOUND_ROWS * FROM `wp_users` 
		        WHERE ID NOT IN (1)  AND `ID` IN (2,5,6,7,8,9,10,11,12,13,14,15,16,17,20,21,22,23,24,25,26,27,29,30,32,33,36,38,39,43,44,45,46,47,48,49,50,51,52,53,55,56,59,60,61,62,63,66,68,69,73,75,76,78,81,83,84,85,86,87,89,92,95,96,97,98,100,101,104,106,108,109,110,111,113)  ORDER BY user_login DESC  LIMIT 0, 100

2. [2018-01-26 14:14:50 UTC]: 
----------------------------------------------------------------------------------------------------
Array
(
    [0] => stdClass Object
        (
            [ID] => 75
            [user_login] => usuarioteste
            [user_pass] => $P$BxH1lVP2Bc.MjawZpBMjesS69tAR/21
            [user_nicename] => usuarioteste
            [user_email] => mateus_so@yahoo.com.br
            [user_url] => 
            [user_registered] => 2017-10-17 20:01:49
            [user_activation_key] => 
            [user_status] => 0
            [display_name] => usuarioteste
        )

    [1] => stdClass Object
        (
            [ID] => 68
            [user_login] => Unercense
            [user_pass] => $P$BFbYPUuf20CX5MFSWb.pqIGlQa4slV/
            [user_nicename] => unercense
            [user_email] => racyWoopy@gmail.com
            [user_url] => 
            [user_registered] => 2017-09-20 10:06:35
            [user_activation_key] => 
            [user_status] => 0
            [display_name] => Unercense
        )

    [2] => stdClass Object
        (
            [ID] => 104
            [user_login] => topengrib
            [user_pass] => $P$BxKUMRW8v.dge2e0GVMotK42GRHtQh/
            [user_nicename] => topengrib
            [user_email] => barabostya@yandex.ru
            [user_url] => 
            [user_registered] => 2018-01-08 07:17:28
            [user_activation_key] => 
            [user_status] => 0
            [display_name] => topengrib
        )

    [3] => stdClass Object
        (
            [ID] => 23
            [user_login] => topdmsrib
            [user_pass] => $P$BqPsCzsfA2f.xyb8USiH6hT5O0oe2n/
            [user_nicename] => topdmsrib
            [user_email] => korincka@yandex.ru
            [user_url] => 
            [user_registered] => 2017-07-23 22:00:21
            [user_activation_key] => 
            [user_status] => 0
            [display_name] => topdmsrib
        )

    [4] => stdClass Object
        (
            [ID] => 83
            [user_login] => teste
            [user_pass] => $P$B6P7LjaROt8TmhjUOpQGN.6OulXN7Q/
            [user_nicename] => teste
            [user_email] => locaweb@www15.locaweb.com.br
            [user_url] => 
            [user_registered] => 2017-10-31 12:57:00
            [user_activation_key] => 
            [user_status] => 0
            [display_name] => teste
        )

    [5] => stdClass Object
        (
            [ID] => 2
            [user_login] => smallsuporte
            [user_pass] => $P$BHQInsZUonPyNWmFgE3naAXkfDm7jW0
            [user_nicename] => smallsuporte
            [user_email] => mateus@agenciasmall.com.br
            [user_url] => 
            [user_registered] => 2017-07-10 18:51:07
            [user_activation_key] => 
            [user_status] => 0
            [display_name] => smallsuporte
        )

    [6] => stdClass Object
        (
            [ID] => 63
            [user_login] => sergiomatheusgarcez
            [user_pass] => $P$BdQP6VcQAT5PaJsPx7aUV2LQGbVhRi.
            [user_nicename] => sergiomatheusgarcez
            [user_email] => sergiomatheusgarcez@gmail.com
            [user_url] => 
            [user_registered] => 2017-09-03 20:39:53
            [user_activation_key] => 
            [user_status] => 0
            [display_name] => sergiomatheusgarcez
        )

    [7] => stdClass Object
        (
            [ID] => 33
            [user_login] => sanhvcrib
            [user_pass] => $P$Bl/2CS0QvuARrnKXKRHsSQHJm/ki9h1
            [user_nicename] => sanhvcrib
            [user_email] => bolonkamin@yandex.ru
            [user_url] => 
            [user_registered] => 2017-07-29 17:55:11
            [user_activation_key] => 
            [user_status] => 0
            [display_name] => sanhvcrib
        )

    [8] => stdClass Object
        (
            [ID] => 89
            [user_login] => RichardZewiz
            [user_pass] => $P$BjMoeb6N0iL.URODhT6vCroX3xGXg./
            [user_nicename] => richardzewiz
            [user_email] => williamstuart3y24w@yahoo.com
            [user_url] => 
            [user_registered] => 2017-11-21 11:13:09
            [user_activation_key] => 
            [user_status] => 0
            [display_name] => RichardZewiz
        )

    [9] => stdClass Object
        (
            [ID] => 96
            [user_login] => rezendepatricia
            [user_pass] => $P$BAZvJznCcwlRn4vMMsHfoIDi72xAH1/
            [user_nicename] => rezendepatricia
            [user_email] => rezendepatricia@hotmail.com
            [user_url] => 
            [user_registered] => 2017-12-17 05:18:38
            [user_activation_key] => 
            [user_status] => 0
            [display_name] => rezendepatricia
        )

    [10] => stdClass Object
        (
            [ID] => 53
            [user_login] => rcptoledo
            [user_pass] => $P$B3XtjTF4vZU76APz/n2Z/zFVlN4LGT/
            [user_nicename] => rcptoledo
            [user_email] => rcptoledo@terra.com.br
            [user_url] => 
            [user_registered] => 2017-08-16 18:05:16
            [user_activation_key] => 1514916048:$P$B6Pr1VMqJ3q.DOKfy34sR0FWcZPowv.
            [user_status] => 0
            [display_name] => rcptoledo
        )

    [11] => stdClass Object
        (
            [ID] => 50
            [user_login] => RB
            [user_pass] => $P$Bxs6WNxSfHHtLErvnLMxMuMU42yE2e1
            [user_nicename] => rb
            [user_email] => reginabeatriz@reginabeatriz.adv.br
            [user_url] => 
            [user_registered] => 2017-08-09 15:33:11
            [user_activation_key] => 
            [user_status] => 0
            [display_name] => RB
        )

    [12] => stdClass Object
        (
            [ID] => 113
            [user_login] => PosterTax
            [user_pass] => $P$B8mq7n/oG5Lv8Wc2M/H8dUrZNXJN/Y.
            [user_nicename] => postertax
            [user_email] => posster@mail4coin.com
            [user_url] => 
            [user_registered] => 2018-01-25 17:04:58
            [user_activation_key] => 
            [user_status] => 0
            [display_name] => PosterTax
        )

    [13] => stdClass Object
        (
            [ID] => 20
            [user_login] => paula.marques@fsa.br
            [user_pass] => $P$B7AAXSHyhpG7u44EOOH5fuXIFwFTM4/
            [user_nicename] => paula-marquesfsa-br
            [user_email] => paula.marques@fsa.br
            [user_url] => 
            [user_registered] => 2017-07-18 21:52:35
            [user_activation_key] => 
            [user_status] => 0
            [display_name] => paula.marques@fsa.br
        )

    [14] => stdClass Object
        (
            [ID] => 46
            [user_login] => nwbexzpet
            [user_pass] => $P$B17ToLLKmvMbKlz.Hk4F/PezbHAutw/
            [user_nicename] => nwbexzpet
            [user_email] => bczlqoqrqv@mailmefast.info
            [user_url] => 
            [user_registered] => 2017-08-05 07:02:17
            [user_activation_key] => 
            [user_status] => 0
            [display_name] => nwbexzpet
        )

    [15] => stdClass Object
        (
            [ID] => 62
            [user_login] => ntqzllpet
            [user_pass] => $P$BHnpI/pFMFYIuBbJeBzoCzD2/SWcb0.
            [user_nicename] => ntqzllpet
            [user_email] => nbikxythhb@mailstome.today
            [user_url] => 
            [user_registered] => 2017-08-29 17:19:18
            [user_activation_key] => 
            [user_status] => 0
            [display_name] => ntqzllpet
        )

    [16] => stdClass Object
        (
            [ID] => 45
            [user_login] => ntpkrqpet
            [user_pass] => $P$Bj7fhbT/696gxw/BHNMaVjNBQZ3T16/
            [user_nicename] => ntpkrqpet
            [user_email] => mkplypiuer@mailstome.today
            [user_url] => 
            [user_registered] => 2017-08-05 07:02:13
            [user_activation_key] => 
            [user_status] => 0
            [display_name] => ntpkrqpet
        )

    [17] => stdClass Object
        (
            [ID] => 43
            [user_login] => nmzkndpet
            [user_pass] => $P$BfusMhUCyCf3cS1DxWoGFYOpuhSz/m/
            [user_nicename] => nmzkndpet
            [user_email] => shrmzamtzw@emmails.info
            [user_url] => 
            [user_registered] => 2017-08-05 03:58:18
            [user_activation_key] => 
            [user_status] => 0
            [display_name] => nmzkndpet
        )

    [18] => stdClass Object
        (
            [ID] => 60
            [user_login] => niirhppet
            [user_pass] => $P$BMtGkWClDZJKkWjrhYfNupdfloCLWs.
            [user_nicename] => niirhppet
            [user_email] => ppsjhiojwo@mailermails.info
            [user_url] => 
            [user_registered] => 2017-08-27 18:50:32
            [user_activation_key] => 
            [user_status] => 0
            [display_name] => niirhppet
        )

    [19] => stdClass Object
        (
            [ID] => 30
            [user_login] => niiijvpet
            [user_pass] => $P$BU46ilPIsmWRrUdSq8Vk8yvshB7toK1
            [user_nicename] => niiijvpet
            [user_email] => tceiiegiuj@mailermails.info
            [user_url] => 
            [user_registered] => 2017-07-27 00:34:49
            [user_activation_key] => 
            [user_status] => 0
            [display_name] => niiijvpet
        )

    [20] => stdClass Object
        (
            [ID] => 47
            [user_login] => nhzrenpet
            [user_pass] => $P$BrjrKzRp4KCoG4c8FvIztCgHHJzoRC.
            [user_nicename] => nhzrenpet
            [user_email] => gnkvyuozpp@emmail.info
            [user_url] => 
            [user_registered] => 2017-08-05 09:41:00
            [user_activation_key] => 
            [user_status] => 0
            [display_name] => nhzrenpet
        )

    [21] => stdClass Object
        (
            [ID] => 44
            [user_login] => ngxtrppet
            [user_pass] => $P$Bt9o.lkt9Xyps/CZtT3KS2D.pD/OIy.
            [user_nicename] => ngxtrppet
            [user_email] => wbyfkvkibz@mailermails.info
            [user_url] => 
            [user_registered] => 2017-08-05 07:02:03
            [user_activation_key] => 
            [user_status] => 0
            [display_name] => ngxtrppet
        )

    [22] => stdClass Object
        (
            [ID] => 26
            [user_login] => Nayara
            [user_pass] => $P$BvMj2LpUqroH9hmxqlNRHpcFslXOyY/
            [user_nicename] => nayara
            [user_email] => nina0991@hotmail.com
            [user_url] => 
            [user_registered] => 2017-07-26 17:41:21
            [user_activation_key] => 1501546088:$P$Bwq4eUX00qoX.BtJP9ENIafr7R4pb5.
            [user_status] => 0
            [display_name] => Nayara
        )

    [23] => stdClass Object
        (
            [ID] => 110
            [user_login] => milena
            [user_pass] => $P$Bhi25ArJculeQPs/W.0.Fn27M5UCwX1
            [user_nicename] => milena
            [user_email] => milena.lisanti@hotmail.com
            [user_url] => 
            [user_registered] => 2018-01-19 21:57:51
            [user_activation_key] => 
            [user_status] => 0
            [display_name] => milena
        )

    [24] => stdClass Object
        (
            [ID] => 7
            [user_login] => mdeamon
            [user_pass] => $P$BpkxOFBJIw.PNxwsPVDodZn22le9.e0
            [user_nicename] => mdeamon
            [user_email] => sm@hotmail.com
            [user_url] => 
            [user_registered] => 2017-07-13 15:55:22
            [user_activation_key] => 
            [user_status] => 0
            [display_name] => mdeamon
        )

    [25] => stdClass Object
        (
            [ID] => 81
            [user_login] => Luciene
            [user_pass] => $P$BOyiuY7h/bxMs4Kn/GsNiIBz9ZQwn.0
            [user_nicename] => luciene
            [user_email] => luciene.machadoadv@gmail.com
            [user_url] => 
            [user_registered] => 2017-10-30 13:19:27
            [user_activation_key] => 
            [user_status] => 0
            [display_name] => Luciene
        )

    [26] => stdClass Object
        (
            [ID] => 92
            [user_login] => LucianaGamboa
            [user_pass] => $P$BquweNTbzu4genGSCWnbk0nJ9KVzSs/
            [user_nicename] => lucianagamboa
            [user_email] => lucianagamboaadv@yahoo.com.br
            [user_url] => 
            [user_registered] => 2017-12-04 19:20:28
            [user_activation_key] => 
            [user_status] => 0
            [display_name] => LucianaGamboa
        )

    [27] => stdClass Object
        (
            [ID] => 61
            [user_login] => leopbatista@yahoo.com.br
            [user_pass] => $P$BudTajb9lWxn1b5.F8AcNQsoK9fsUp.
            [user_nicename] => leopbatistayahoo-com-br
            [user_email] => leopbatista@yahoo.com.br
            [user_url] => 
            [user_registered] => 2017-08-28 20:49:00
            [user_activation_key] => 
            [user_status] => 0
            [display_name] => leopbatista@yahoo.com.br
        )

    [28] => stdClass Object
        (
            [ID] => 55
            [user_login] => Lelandtig
            [user_pass] => $P$BbiV/KwIimQCLa6Av3jSd2fqYnltGl.
            [user_nicename] => lelandtig
            [user_email] => laelebeidiorg@mail.ru
            [user_url] => 
            [user_registered] => 2017-08-19 21:59:58
            [user_activation_key] => 
            [user_status] => 0
            [display_name] => Lelandtig
        )

    [29] => stdClass Object
        (
            [ID] => 49
            [user_login] => LEduardo
            [user_pass] => $P$BNsGnx4l2/FQrjn5Gl5dNhmMUmPget1
            [user_nicename] => leduardo
            [user_email] => luiseduardo@reginabeatriz.adv.br
            [user_url] => 
            [user_registered] => 2017-08-09 15:04:44
            [user_activation_key] => 
            [user_status] => 0
            [display_name] => LEduardo
        )

    [30] => stdClass Object
        (
            [ID] => 38
            [user_login] => leane
            [user_pass] => $P$Bt7/ZZP6xel36cdpq7QvdDmi5VK.sf1
            [user_nicename] => leane
            [user_email] => lkrine@hotmail.com
            [user_url] => 
            [user_registered] => 2017-08-01 22:19:10
            [user_activation_key] => 1502677988:$P$BFhuxz7DgTQU.4lKW8GpUPcUCKHjJ3.
            [user_status] => 0
            [display_name] => leane
        )

    [31] => stdClass Object
        (
            [ID] => 66
            [user_login] => Kuratown
            [user_pass] => $P$B2yYNimCpj/SXlsvyxAGNIy0C10pGh0
            [user_nicename] => kuratown
            [user_email] => vttqv4@1syn.info
            [user_url] => 
            [user_registered] => 2017-09-14 17:51:51
            [user_activation_key] => 
            [user_status] => 0
            [display_name] => Kuratown
        )

    [32] => stdClass Object
        (
            [ID] => 84
            [user_login] => Justmog
            [user_pass] => $P$B.8VI87yeqi9vSKkgSdFe.7GElPyCO.
            [user_nicename] => justmog
            [user_email] => justMaiche@3drugs.com
            [user_url] => 
            [user_registered] => 2017-11-07 19:21:29
            [user_activation_key] => 
            [user_status] => 0
            [display_name] => Justmog
        )

    [33] => stdClass Object
        (
            [ID] => 16
            [user_login] => Juliana
            [user_pass] => $P$Bkh2yPyrVo104N3ekdr4VD0N6rE9HU/
            [user_nicename] => juliana
            [user_email] => juliana.faber@gmail.com
            [user_url] => 
            [user_registered] => 2017-07-18 15:07:39
            [user_activation_key] => 
            [user_status] => 0
            [display_name] => Juliana
        )

    [34] => stdClass Object
        (
            [ID] => 24
            [user_login] => jaquelinecherulli@hotmail.com
            [user_pass] => $P$Bw7uZoYU7qfeUrnt/IfcnS/b/snCUj/
            [user_nicename] => jaquelinecherullihotmail-com
            [user_email] => jaquelinecherulli@hotmail.com
            [user_url] => 
            [user_registered] => 2017-07-25 22:51:45
            [user_activation_key] => 
            [user_status] => 0
            [display_name] => jaquelinecherulli@hotmail.com
        )

    [35] => stdClass Object
        (
            [ID] => 21
            [user_login] => JamesEvano
            [user_pass] => $P$B.XUt/x/249/a9zUOD7mQvZgUFS.gt/
            [user_nicename] => jamesevano
            [user_email] => jamesfexk@mail.ru
            [user_url] => 
            [user_registered] => 2017-07-19 05:25:27
            [user_activation_key] => 
            [user_status] => 0
            [display_name] => JamesEvano
        )

    [36] => stdClass Object
        (
            [ID] => 17
            [user_login] => IVES
            [user_pass] => $P$BizTGzQiHuaQBXq3bhDxQ8cDKSiUew.
            [user_nicename] => ives
            [user_email] => igm@gandramartins.adv.br
            [user_url] => 
            [user_registered] => 2017-07-18 18:40:10
            [user_activation_key] => 
            [user_status] => 0
            [display_name] => IVES
        )

    [37] => stdClass Object
        (
            [ID] => 36
            [user_login] => isenise@oabsp.org.br
            [user_pass] => $P$BI32NqvG/1Zq/7SH5QHKrK.eePlBdN.
            [user_nicename] => iseniseoabsp-org-br
            [user_email] => isenise@oabsp.org.br
            [user_url] => 
            [user_registered] => 2017-08-01 14:23:31
            [user_activation_key] => 
            [user_status] => 0
            [display_name] => isenise@oabsp.org.br
        )

    [38] => stdClass Object
        (
            [ID] => 32
            [user_login] => irma
            [user_pass] => $P$BX2h5N2X5EUAtKYQTtKVXiMY.bDECM1
            [user_nicename] => irma
            [user_email] => irmamaceira@gmail.com
            [user_url] => 
            [user_registered] => 2017-07-28 11:55:55
            [user_activation_key] => 
            [user_status] => 0
            [display_name] => irma
        )

    [39] => stdClass Object
        (
            [ID] => 22
            [user_login] => hisguins
            [user_pass] => $P$BousW3lWkVIjJB3K89MBf1jpb9KpA1/
            [user_nicename] => hisguins
            [user_email] => hisguins@opno.life
            [user_url] => 
            [user_registered] => 2017-07-21 04:19:38
            [user_activation_key] => 
            [user_status] => 0
            [display_name] => hisguins
        )

    [40] => stdClass Object
        (
            [ID] => 12
            [user_login] => heliofoliveira
            [user_pass] => $P$B1IsaaLM2nhciXBNZgBIEpJjA9loc11
            [user_nicename] => heliofoliveira
            [user_email] => h.ferraz@ferrazadv.com.br
            [user_url] => 
            [user_registered] => 2017-07-18 02:11:03
            [user_activation_key] => 
            [user_status] => 0
            [display_name] => heliofoliveira
        )

    [41] => stdClass Object
        (
            [ID] => 73
            [user_login] => helaynnepinheiro
            [user_pass] => $P$B8sNIUcJJyoCYSP8iyBK6/jI/XiUed/
            [user_nicename] => helaynnepinheiro
            [user_email] => helaynnet@gmail.com
            [user_url] => 
            [user_registered] => 2017-10-14 08:21:00
            [user_activation_key] => 
            [user_status] => 0
            [display_name] => helaynnepinheiro
        )

    [42] => stdClass Object
        (
            [ID] => 95
            [user_login] => Guestemuse
            [user_pass] => $P$BIFWIUFG9qaAywX9JZVF5LNfiKlmP90
            [user_nicename] => guestemuse
            [user_email] => samburton202@aol.co.uk
            [user_url] => 
            [user_registered] => 2017-12-07 18:41:11
            [user_activation_key] => 
            [user_status] => 0
            [display_name] => Guestemuse
        )

    [43] => stdClass Object
        (
            [ID] => 15
            [user_login] => gilbertojabur
            [user_pass] => $P$BhRWoVrA4w.8KNvuy4CoKvc605Qd3V1
            [user_nicename] => gilbertojabur
            [user_email] => gilberto@ghj.com.br
            [user_url] => 
            [user_registered] => 2017-07-18 13:38:53
            [user_activation_key] => 
            [user_status] => 0
            [display_name] => gilbertojabur
        )

    [44] => stdClass Object
        (
            [ID] => 98
            [user_login] => Fuendeve
            [user_pass] => $P$B5vTyAREl8WWThxWlZvU9Kk/yvzYku.
            [user_nicename] => fuendeve
            [user_email] => Fuendeve@seron.top
            [user_url] => 
            [user_registered] => 2017-12-19 13:25:25
            [user_activation_key] => 
            [user_status] => 0
            [display_name] => Fuendeve
        )

    [45] => stdClass Object
        (
            [ID] => 14
            [user_login] => Franco
            [user_pass] => $P$Bjh8u5RxS7RF5PhiP38HybDe4L5C/B/
            [user_nicename] => franco
            [user_email] => francofernandes@globo.com
            [user_url] => 
            [user_registered] => 2017-07-18 12:07:34
            [user_activation_key] => 
            [user_status] => 0
            [display_name] => Franco
        )

    [46] => stdClass Object
        (
            [ID] => 56
            [user_login] => engladrib
            [user_pass] => $P$BpaXpERRol6CyfOGNE/u0H6q7APdKm/
            [user_nicename] => engladrib
            [user_email] => maratorinko@yandex.ru
            [user_url] => 
            [user_registered] => 2017-08-22 14:30:12
            [user_activation_key] => 
            [user_status] => 0
            [display_name] => engladrib
        )

    [47] => stdClass Object
        (
            [ID] => 13
            [user_login] => ELIAS
            [user_pass] => $P$BuzHp3pYEd.Xi7uztKZO0JshhP1qv9.
            [user_nicename] => elias
            [user_email] => eliasfarahadv@gmail.com
            [user_url] => 
            [user_registered] => 2017-07-18 12:02:52
            [user_activation_key] => 
            [user_status] => 0
            [display_name] => ELIAS
        )

    [48] => stdClass Object
        (
            [ID] => 11
            [user_login] => Eliane
            [user_pass] => $P$BbtjwERlK4qD9MZ6HG3Wk.rf/nq2N3.
            [user_nicename] => eliane
            [user_email] => elianemmarques@hotmail.com
            [user_url] => 
            [user_registered] => 2017-07-17 22:45:25
            [user_activation_key] => 
            [user_status] => 0
            [display_name] => Eliane
        )

    [49] => stdClass Object
        (
            [ID] => 5
            [user_login] => douglasc
            [user_pass] => $P$BWrCaE3RRKp3Ba1RH0VZ.uDv2CKk5l1
            [user_nicename] => douglasc
            [user_email] => dcorreya13@hotmail.com
            [user_url] => 
            [user_registered] => 2017-07-13 13:38:17
            [user_activation_key] => 
            [user_status] => 0
            [display_name] => douglasc
        )

    [50] => stdClass Object
        (
            [ID] => 6
            [user_login] => douglasb
            [user_pass] => $P$BZQzHZ8PplaeqqkwmEh1/53m4N.n9o1
            [user_nicename] => douglasb
            [user_email] => douglascorreiasf2016@gmail.com
            [user_url] => 
            [user_registered] => 2017-07-13 13:43:22
            [user_activation_key] => 
            [user_status] => 0
            [display_name] => douglasb
        )

    [51] => stdClass Object
        (
            [ID] => 87
            [user_login] => dennye57968
            [user_pass] => $P$B018f5CPtoLa/J9ihwp7KH9d7QYwfK1
            [user_nicename] => dennye57968
            [user_email] => ericmorris41z5rhetvl@yahoo.com
            [user_url] => 
            [user_registered] => 2017-11-13 01:18:21
            [user_activation_key] => 
            [user_status] => 0
            [display_name] => dennye57968
        )

    [52] => stdClass Object
        (
            [ID] => 86
            [user_login] => Davidfaits
            [user_pass] => $P$B984MfyxcK86ZQPKUIChCYFAG4LfQj.
            [user_nicename] => davidfaits
            [user_email] => quentinmusick2av10a1nfw@yahoo.com
            [user_url] => 
            [user_registered] => 2017-11-10 01:06:48
            [user_activation_key] => 
            [user_status] => 0
            [display_name] => Davidfaits
        )

    [53] => stdClass Object
        (
            [ID] => 48
            [user_login] => dapocavi
            [user_pass] => $P$BAjxIHPEWkgzstT44/mrZGTRkgN0zg/
            [user_nicename] => dapocavi
            [user_email] => dapocavi@gmail.com
            [user_url] => 
            [user_registered] => 2017-08-06 21:33:35
            [user_activation_key] => 
            [user_status] => 0
            [display_name] => dapocavi
        )

    [54] => stdClass Object
        (
            [ID] => 9
            [user_login] => dalmolin82
            [user_pass] => $P$B0Zg4crP6BoR1ZfWDi6ozeO3oVZ6.D.
            [user_nicename] => dalmolin82
            [user_email] => gustavo@dalmolin.not.br
            [user_url] => 
            [user_registered] => 2017-07-17 16:59:06
            [user_activation_key] => 1513357954:$P$BrrHb/uS75R9vZKIJyk6jLoqhkm3XT/
            [user_status] => 0
            [display_name] => dalmolin82
        )

    [55] => stdClass Object
        (
            [ID] => 76
            [user_login] => DaianeJSilva
            [user_pass] => $P$BZZv4mf12GE6QPeXf/0wHXBk/8JBsD.
            [user_nicename] => daianejsilva
            [user_email] => daiane@reginabeatriz.adv.br
            [user_url] => 
            [user_registered] => 2017-10-19 21:51:22
            [user_activation_key] => 
            [user_status] => 0
            [display_name] => DaianeJSilva
        )

    [56] => stdClass Object
        (
            [ID] => 108
            [user_login] => Costerml
            [user_pass] => $P$BG0rPNdZOqD7.fi.WUoMYHWfTLqWAq.
            [user_nicename] => costerml
            [user_email] => coster@mail4coin.com
            [user_url] => 
            [user_registered] => 2018-01-16 15:44:29
            [user_activation_key] => 
            [user_status] => 0
            [display_name] => Costerml
        )

    [57] => stdClass Object
        (
            [ID] => 29
            [user_login] => Clemencia
            [user_pass] => $P$BsxTdZ32SA7Gm4eNZuxQzbEgCJ.Vp6/
            [user_nicename] => clemencia
            [user_email] => clemenciawolthers@wth.com.br
            [user_url] => 
            [user_registered] => 2017-07-26 20:12:52
            [user_activation_key] => 
            [user_status] => 0
            [display_name] => Clemencia
        )

    [58] => stdClass Object
        (
            [ID] => 25
            [user_login] => cjbonemer
            [user_pass] => $P$BUK3irBxfvA8iSEVXA.squ8UAHXvz20
            [user_nicename] => cjbonemer
            [user_email] => cjbonemer@gmail.com
            [user_url] => 
            [user_registered] => 2017-07-26 00:09:14
            [user_activation_key] => 
            [user_status] => 0
            [display_name] => cjbonemer
        )

    [59] => stdClass Object
        (
            [ID] => 101
            [user_login] => CheesterQuits
            [user_pass] => $P$BCiz0.D.22vwS5chGuIfkNXU8utrt90
            [user_nicename] => cheesterquits
            [user_email] => rgevtyjhnbii@mailbosi.com
            [user_url] => 
            [user_registered] => 2017-12-27 14:10:22
            [user_activation_key] => 
            [user_status] => 0
            [display_name] => CheesterQuits
        )

    [60] => stdClass Object
        (
            [ID] => 69
            [user_login] => CharlesSkymn
            [user_pass] => $P$B9ySNEAaRXJNrzYUOgzqqJLFxC3WUC.
            [user_nicename] => charlesskymn
            [user_email] => utesossamanolwh@yahoo.com
            [user_url] => 
            [user_registered] => 2017-09-24 21:32:07
            [user_activation_key] => 
            [user_status] => 0
            [display_name] => CharlesSkymn
        )

    [61] => stdClass Object
        (
            [ID] => 78
            [user_login] => Catia2017
            [user_pass] => $P$BUbnHgou9N89C75VXhu9xA6nje5WuA0
            [user_nicename] => catia2017
            [user_email] => catiator@hotmail.com
            [user_url] => 
            [user_registered] => 2017-10-21 02:27:58
            [user_activation_key] => 
            [user_status] => 0
            [display_name] => Catia2017
        )

    [62] => stdClass Object
        (
            [ID] => 59
            [user_login] => CaseyDus
            [user_pass] => $P$B3twWNB0a3epgQdxTYeTS1X/diTjAR/
            [user_nicename] => caseydus
            [user_email] => faustinaprosserbcfp@yahoo.com
            [user_url] => 
            [user_registered] => 2017-08-26 22:10:30
            [user_activation_key] => 
            [user_status] => 0
            [display_name] => CaseyDus
        )

    [63] => stdClass Object
        (
            [ID] => 111
            [user_login] => Bosterml
            [user_pass] => $P$BnQnvUPD0aX5aB7idbw6wsZKVJC6KO0
            [user_nicename] => bosterml
            [user_email] => boster@mail4coin.com
            [user_url] => 
            [user_registered] => 2018-01-22 13:56:46
            [user_activation_key] => 
            [user_status] => 0
            [display_name] => Bosterml
        )

    [64] => stdClass Object
        (
            [ID] => 106
            [user_login] => BesterQuits
            [user_pass] => $P$Bw7Zrav6vG4UNM3/BerDymydigxQDD/
            [user_nicename] => besterquits
            [user_email] => bester@mail4coin.com
            [user_url] => 
            [user_registered] => 2018-01-11 20:48:40
            [user_activation_key] => 
            [user_status] => 0
            [display_name] => BesterQuits
        )

    [65] => stdClass Object
        (
            [ID] => 52
            [user_login] => AThemeatmeft
            [user_pass] => $P$BOWbFTnOeFoRiI5rljj.ym1Hus.HRl/
            [user_nicename] => athemeatmeft
            [user_email] => quonahquee@bestmailonline.com
            [user_url] => 
            [user_registered] => 2017-08-14 22:19:25
            [user_activation_key] => 
            [user_status] => 0
            [display_name] => AThemeatmeft
        )

    [66] => stdClass Object
        (
            [ID] => 51
            [user_login] => atalacorreia@gmail.com
            [user_pass] => $P$BpgUT0MBwsAq7gk7OMlNt9RbrMPNVT.
            [user_nicename] => atalacorreiagmail-com
            [user_email] => atalacorreia@gmail.com
            [user_url] => 
            [user_registered] => 2017-08-14 01:06:57
            [user_activation_key] => 
            [user_status] => 0
            [display_name] => atalacorreia@gmail.com
        )

    [67] => stdClass Object
        (
            [ID] => 8
            [user_login] => annaavf
            [user_pass] => $P$BuOEsW4K/FPL1hX2I.zv07QzbfzjjH/
            [user_nicename] => annaavf
            [user_email] => anna.avfigueiredo@gmail.com
            [user_url] => 
            [user_registered] => 2017-07-17 16:47:25
            [user_activation_key] => 
            [user_status] => 0
            [display_name] => annaavf
        )

    [68] => stdClass Object
        (
            [ID] => 97
            [user_login] => anelise
            [user_pass] => $P$BFlu.q09bGM2ifb6XjtC37vq0NFLRW1
            [user_nicename] => anelise
            [user_email] => anelisemuniz@hotmail.com
            [user_url] => 
            [user_registered] => 2017-12-19 08:41:44
            [user_activation_key] => 
            [user_status] => 0
            [display_name] => anelise
        )

    [69] => stdClass Object
        (
            [ID] => 109
            [user_login] => analuizamrodrigues
            [user_pass] => $P$ByjJZC/PZt9gqqCzpEBo83yV1JOvVJ/
            [user_nicename] => analuizamrodrigues
            [user_email] => analuizamrodrigues@gmail.com
            [user_url] => 
            [user_registered] => 2018-01-17 13:53:51
            [user_activation_key] => 
            [user_status] => 0
            [display_name] => analuizamrodrigues
        )

    [70] => stdClass Object
        (
            [ID] => 39
            [user_login] => Analdinaoliveira
            [user_pass] => $P$BoK/BDjKckdxgSSW.j0L9jiG53Kxex.
            [user_nicename] => analdinaoliveira
            [user_email] => analdina.neta@gmail.com
            [user_url] => 
            [user_registered] => 2017-08-03 14:26:43
            [user_activation_key] => 
            [user_status] => 0
            [display_name] => Analdinaoliveira
        )

    [71] => stdClass Object
        (
            [ID] => 27
            [user_login] => anacaroline@eabl.com.br
            [user_pass] => $P$BF7CIRVv7VyrU7lMxMec4eWee3gmzy1
            [user_nicename] => anacarolineeabl-com-br
            [user_email] => anacaroline@eabl.com.br
            [user_url] => 
            [user_registered] => 2017-07-26 18:04:26
            [user_activation_key] => 
            [user_status] => 0
            [display_name] => anacaroline@eabl.com.br
        )

    [72] => stdClass Object
        (
            [ID] => 85
            [user_login] => ALLEXCARVALHO
            [user_pass] => $P$BeaE80cWZ8oFr6F27BZIVJZsZbjCCf0
            [user_nicename] => allexcarvalho
            [user_email] => allexcarvalho_adv@outlook.com
            [user_url] => 
            [user_registered] => 2017-11-09 17:21:32
            [user_activation_key] => 
            [user_status] => 0
            [display_name] => ALLEXCARVALHO
        )

    [73] => stdClass Object
        (
            [ID] => 100
            [user_login] => Aglyncdealge
            [user_pass] => $P$BzoY3RQ7BC7Rv9snAekyAEbWumcPtn0
            [user_nicename] => aglyncdealge
            [user_email] => ajeiliezan@fastmailforyou.net
            [user_url] => 
            [user_registered] => 2017-12-26 10:28:21
            [user_activation_key] => 
            [user_status] => 0
            [display_name] => Aglyncdealge
        )

    [74] => stdClass Object
        (
            [ID] => 10
            [user_login] => agfernandes
            [user_pass] => $P$BYgaMtLR7SFy34fsMsCW9GKeQY8w2I/
            [user_nicename] => agfernandes
            [user_email] => fernandes.agf@hotmail.com
            [user_url] => 
            [user_registered] => 2017-07-17 18:26:12
            [user_activation_key] => 1512660909:$P$BC8COlrknJ4iHucaVqRPffPqz7sTZi/
            [user_status] => 0
            [display_name] => agfernandes
        )

)

