
1. [2017-06-21 17:20:23 UTC]: 
----------------------------------------------------------------------------------------------------
pagseguro process_return POST DATA:<pre>Array
(
    [VendedorEmail] => contato@adfas.com.br
    [TransacaoID] => 7F35AB39F2FD47228760CC7CFD08DD41
    [Referencia] => 
    [Extras] => 0,00
    [TipoFrete] => FR
    [ValorFrete] => 0,00
    [Anotacao] => 
    [DataTransacao] => 21/06/2017 14:16:48
    [TipoPagamento] => Cartão de Crédito
    [StatusTransacao] => Aprovado
    [CliNome] => Juliana O Laurentiz
    [CliEmail] => julaurentiz@yahoo.com.br
    [CliEndereco] => ALAMEDA ITU
    [CliNumero] => 78
    [CliComplemento] => 1101
    [CliBairro] => Jardim Paulista
    [CliCidade] => SAO PAULO
    [CliEstado] => SP
    [CliCEP] => 01421000
    [CliTelefone] => 11 975443449
    [NumItens] => 1
    [Parcelas] => 1
    [ProdID_1] => 1405798711224
    [ProdDescricao_1] => Anuidade Pessoa Física
    [ProdValor_1] => 250,00
    [ProdQuantidade_1] => 1
    [ProdFrete_1] => 0,00
    [ProdExtras_1] => 0,00
)
</pre>

2. [2017-06-21 17:20:23 UTC]: 
----------------------------------------------------------------------------------------------------
pagseguro process_return GET DATA:<pre>Array
(
    [module] => mgm_pagseguro
    [method] => payment_return
)
</pre>
